==85032== Memcheck, a memory error detector
==85032== Copyright (C) 2002-2024, and GNU GPL'd, by Julian Seward et al.
==85032== Using Valgrind-3.26.0.GIT-lbmacos-6808e0198d-20250824 and LibVEX; rerun with -h for copyright info
==85032== Command: ./test_pipex/pipex ./test_pipex/file1.txt /bin/cat /bin/cat ./test_pipex/file2.txt
==85032== Parent PID: 85030
==85032== 
--85032-- 
--85032-- Valgrind options:
--85032--    --track-fds=yes
--85032--    --leak-check=full
--85032--    --show-leak-kinds=all
--85032--    --track-origins=yes
--85032--    --verbose
--85032--    --log-file=valgrind_pipex.log
--85032-- Output from sysctl({CTL_KERN,KERN_VERSION}):
--85032--   Darwin Kernel Version 19.6.0: Thu Oct 29 22:56:45 PDT 2020; root:xnu-6153.141.2.2~1/RELEASE_X86_64
--85032-- Arch and hwcaps: AMD64, LittleEndian, amd64-cx16-lzcnt-rdtscp-sse3-ssse3-avx-avx2-bmi-f16c-rdrand-rdseed-fma
--85032-- Page sizes: currently 4096, max supported 4096
--85032-- Valgrind library directory: /Users/fbaras/.brew/Cellar/valgrind/HEAD-6808e01/libexec/valgrind
--85032-- /usr/lib/dyld (rx at 0x100010000, rw at 0x1000a2000)
--85032--    reading syms   from primary file (5 2729)
--85032-- Scheduler: using generic scheduler lock implementation.
--85032-- Reading suppressions file: /Users/fbaras/.brew/Cellar/valgrind/HEAD-6808e01/libexec/valgrind/default.supp
==85032== embedded gdbserver: reading from /var/folders/zz/zyxvpxvq6csfxvn_n000cshh0036c4/T//vgdb-pipe-from-vgdb-to-85032-by-fbaras-on-???
==85032== embedded gdbserver: writing to   /var/folders/zz/zyxvpxvq6csfxvn_n000cshh0036c4/T//vgdb-pipe-to-vgdb-from-85032-by-fbaras-on-???
==85032== embedded gdbserver: shared mem   /var/folders/zz/zyxvpxvq6csfxvn_n000cshh0036c4/T//vgdb-pipe-shared-mem-vgdb-85032-by-fbaras-on-???
==85032== 
==85032== TO CONTROL THIS PROCESS USING vgdb (which you probably
==85032== don't want to do, unless you know exactly what you're doing,
==85032== or are doing some strange experiment):
==85032==   /Users/fbaras/.brew/Cellar/valgrind/HEAD-6808e01/libexec/valgrind/../../bin/vgdb --pid=85032 ...command...
==85032== 
==85032== TO DEBUG THIS PROCESS USING GDB: start GDB like this
==85032==   /path/to/gdb ./test_pipex/pipex
==85032== and then give GDB the following command
==85032==   target remote | /Users/fbaras/.brew/Cellar/valgrind/HEAD-6808e01/libexec/valgrind/../../bin/vgdb --pid=85032
==85032== --pid is optional if only one valgrind process is running
==85032== 
--85032-- REDIR: 0x1000621c0 (dyld:strcmp) redirected to 0x25805a343 (???)
--85032-- REDIR: 0x10005c494 (dyld:arc4random) redirected to 0x25805a3e1 (???)
--85032-- REDIR: 0x1000615a0 (dyld:strlen) redirected to 0x25805a312 (???)
--85032-- REDIR: 0x1000624c0 (dyld:strcpy) redirected to 0x25805a35f (???)
--85032-- REDIR: 0x10005f63a (dyld:strcat) redirected to 0x25805a323 (???)
--85032-- REDIR: 0x10006139a (dyld:strlcat) redirected to 0x25805a37c (???)
--85032-- /Users/fbaras/.brew/Cellar/valgrind/HEAD-6808e01/libexec/valgrind/vgpreload_core-amd64-darwin.so (rx at 0x100115000, rw at 0x100119000)
--85032--    reading syms   from primary file (3 53)
--85032--    dSYM= /Users/fbaras/.brew/Cellar/valgrind/HEAD-6808e01/libexec/valgrind/vgpreload_core-amd64-darwin.so.dSYM/Contents/Resources/DWARF/vgpreload_core-amd64-darwin.so
--85032-- /Users/fbaras/.brew/Cellar/valgrind/HEAD-6808e01/libexec/valgrind/vgpreload_memcheck-amd64-darwin.so (rx at 0x100121000, rw at 0x10012d000)
--85032--    reading syms   from primary file (142 63)
--85032--    dSYM= /Users/fbaras/.brew/Cellar/valgrind/HEAD-6808e01/libexec/valgrind/vgpreload_memcheck-amd64-darwin.so.dSYM/Contents/Resources/DWARF/vgpreload_memcheck-amd64-darwin.so
--85032-- /usr/lib/libSystem.B.dylib (rx at 0x100139000, rw at 0x10013b000)
--85032--    reading syms   from primary file (29 8)
--85032-- /usr/lib/system/libcache.dylib (rx at 0x100143000, rw at 0x100149000)
--85032--    reading syms   from primary file (32 29)
--85032-- /usr/lib/system/libcommonCrypto.dylib (rx at 0x100150000, rw at 0x10015c000)
--85032--    reading syms   from primary file (241 173)
--85032-- /usr/lib/system/libcompiler_rt.dylib (rx at 0x10016c000, rw at 0x100174000)
--85032--    reading syms   from primary file (505 8)
--85032-- /usr/lib/system/libcopyfile.dylib (rx at 0x100184000, rw at 0x10018e000)
--85032--    reading syms   from primary file (11 38)
--85032-- /usr/lib/system/libcorecrypto.dylib (rx at 0x100196000, rw at 0x100229000)
--85032--    reading syms   from primary file (586 846)
--85032-- /usr/lib/system/libdispatch.dylib (rx at 0x100249000, rw at 0x10028a000)
--85032--    reading syms   from primary file (328 1607)
--85032-- /usr/lib/system/libdyld.dylib (rx at 0x1002c7000, rw at 0x1002fe000)
--85032--    reading syms   from primary file (119 1467)
--85032-- /usr/lib/system/libkeymgr.dylib (rx at 0x100327000, rw at 0x100328000)
--85032--    reading syms   from primary file (11 2)
--85032-- /usr/lib/system/libmacho.dylib (rx at 0x100337000, rw at 0x10033d000)
--85032--    reading syms   from primary file (105 2)
--85032-- /usr/lib/system/libquarantine.dylib (rx at 0x100345000, rw at 0x100348000)
--85032--    reading syms   from primary file (88 12)
--85032-- /usr/lib/system/libremovefile.dylib (rx at 0x100350000, rw at 0x100352000)
--85032--    reading syms   from primary file (12 8)
--85032-- /usr/lib/system/libsystem_asl.dylib (rx at 0x100359000, rw at 0x100371000)
--85032--    reading syms   from primary file (219 234)
--85032-- /usr/lib/system/libsystem_blocks.dylib (rx at 0x100381000, rw at 0x100382000)
--85032--    reading syms   from primary file (21 8)
--85032-- /usr/lib/system/libsystem_c.dylib (rx at 0x100389000, rw at 0x100411000)
--85032--    reading syms   from primary file (1346 892)
--85032-- /usr/lib/system/libsystem_configuration.dylib (rx at 0x100441000, rw at 0x100445000)
--85032--    reading syms   from primary file (36 68)
--85032-- /usr/lib/system/libsystem_coreservices.dylib (rx at 0x10044e000, rw at 0x100452000)
--85032--    reading syms   from primary file (14 47)
--85032-- /usr/lib/system/libsystem_darwin.dylib (rx at 0x10045a000, rw at 0x100463000)
--85032--    reading syms   from primary file (63 562)
--85032-- /usr/lib/system/libsystem_dnssd.dylib (rx at 0x100472000, rw at 0x10047a000)
--85032--    reading syms   from primary file (40 26)
--85032-- /usr/lib/system/libsystem_featureflags.dylib (rx at 0x100482000, rw at 0x100484000)
--85032--    reading syms   from primary file (1 12)
--85032-- /usr/lib/system/libsystem_info.dylib (rx at 0x10048b000, rw at 0x1004d9000)
--85032--    reading syms   from primary file (427 714)
--85032-- /usr/lib/system/libsystem_m.dylib (rx at 0x1004f1000, rw at 0x100539000)
--85032--    reading syms   from primary file (811 1)
--85032-- /usr/lib/system/libsystem_malloc.dylib (rx at 0x10054a000, rw at 0x100572000)
--85032--    reading syms   from primary file (98 470)
--85032-- /usr/lib/system/libsystem_networkextension.dylib (rx at 0x100582000, rw at 0x100590000)
--85032--    reading syms   from primary file (118 242)
--85032-- /usr/lib/system/libsystem_notify.dylib (rx at 0x1005a0000, rw at 0x1005aa000)
--85032--    reading syms   from primary file (23 1)
--85032-- /usr/lib/system/libsystem_sandbox.dylib (rx at 0x1005b2000, rw at 0x1005b7000)
--85032--    reading syms   from primary file (112 23)
--85032-- /usr/lib/system/libsystem_secinit.dylib (rx at 0x1005c0000, rw at 0x1005c3000)
--85032--    reading syms   from primary file (5 20)
--85032-- /usr/lib/system/libsystem_kernel.dylib (rx at 0x1005ca000, rw at 0x1005f7000)
--85032--    reading syms   from primary file (1361 230)
--85032-- /usr/lib/system/libsystem_platform.dylib (rx at 0x100616000, rw at 0x10061f000)
--85032--    reading syms   from primary file (168 103)
--85032-- /usr/lib/system/libsystem_pthread.dylib (rx at 0x100629000, rw at 0x100634000)
--85032--    reading syms   from primary file (189 143)
--85032-- /usr/lib/system/libsystem_symptoms.dylib (rx at 0x100641000, rw at 0x100649000)
--85032--    reading syms   from primary file (10 86)
--85032-- /usr/lib/system/libsystem_trace.dylib (rx at 0x100651000, rw at 0x100668000)
--85032--    reading syms   from primary file (131 274)
--85032-- /usr/lib/system/libunwind.dylib (rx at 0x100679000, rw at 0x10067f000)
--85032--    reading syms   from primary file (102 52)
--85032-- /usr/lib/system/libxpc.dylib (rx at 0x100688000, rw at 0x1006be000)
--85032--    reading syms   from primary file (627 1467)
--85032-- /usr/lib/libobjc.A.dylib (rx at 0x1006ec000, rw at 0x100720000)
--85032--    reading syms   from primary file (382 771)
--85032-- /usr/lib/libc++abi.dylib (rx at 0x100744000, rw at 0x10075a000)
--85032--    reading syms   from primary file (366 704)
--85032-- /usr/lib/libc++.1.dylib (rx at 0x100778000, rw at 0x1007cb000)
--85032--    reading syms   from primary file (2088 1160)
--85032-- REDIR: 0x1006173a0 (libsystem_platform.dylib:_platform_memcmp) redirected to 0x1001293eb (_platform_memcmp)
--85032-- REDIR: 0x100616c00 (libsystem_platform.dylib:_platform_strncmp) redirected to 0x100128d62 (_platform_strncmp)
--85032-- REDIR: 0x100616800 (libsystem_platform.dylib:_platform_strcmp) redirected to 0x100128ddc (_platform_strcmp)
--85032-- REDIR: 0x10054ace0 (libsystem_malloc.dylib:malloc) redirected to 0x100122c10 (malloc)
--85032-- REDIR: 0x10054cec1 (libsystem_malloc.dylib:calloc) redirected to 0x100127024 (calloc)
--85032-- REDIR: 0x10054cd67 (libsystem_malloc.dylib:realloc) redirected to 0x1001273d6 (realloc)
--85032-- REDIR: 0x10054d087 (libsystem_malloc.dylib:malloc_default_zone) redirected to 0x1001283df (malloc_default_zone)
--85032-- REDIR: 0x10054ad12 (libsystem_malloc.dylib:malloc_zone_malloc) redirected to 0x100122eac (malloc_zone_malloc)
--85032-- REDIR: 0x10054cef6 (libsystem_malloc.dylib:malloc_zone_calloc) redirected to 0x100127244 (malloc_zone_calloc)
--85032-- REDIR: 0x10054d08f (libsystem_malloc.dylib:malloc_zone_from_ptr) redirected to 0x100128420 (malloc_zone_from_ptr)
--85032-- REDIR: 0x10054b9b1 (libsystem_malloc.dylib:free) redirected to 0x100124a74 (free)
--85032-- REDIR: 0x100617300 (libsystem_platform.dylib:_platform_strchr$VARIANT$Haswell) redirected to 0x1001285c7 (_platform_strchr$VARIANT$Haswell)
==85032== 
==85032== FILE DESCRIPTORS: 4 open (3 inherited) at exit.
==85032== Open file descriptor 4:
==85032==    at 0x1005CFA2A: pipe (in /usr/lib/system/libsystem_kernel.dylib)
==85032==    by 0x1000028BD: ??? (in ./test_pipex/pipex)
==85032==    by 0x10000244D: ??? (in ./test_pipex/pipex)
==85032==    by 0x1002E1CC8: start (in /usr/lib/system/libdyld.dylib)
==85032==    by 0x4: ???
==85032==    by 0x108113856: ???
==85032==    by 0x108113869: ???
==85032==    by 0x108113880: ???
==85032==    by 0x108113889: ???
==85032==    by 0x108113892: ???
==85032== 
==85032== 
==85032== HEAP SUMMARY:
==85032==     in use at exit: 14,011 bytes in 161 blocks
==85032==   total heap usage: 175 allocs, 14 frees, 18,755 bytes allocated
==85032== 
==85032== Searching for pointers to 161 not-freed blocks
==85032== Checked 303,631,112 bytes
==85032== 
==85032== LEAK SUMMARY:
==85032==    definitely lost: 0 bytes in 0 blocks
==85032==    indirectly lost: 0 bytes in 0 blocks
==85032==      possibly lost: 0 bytes in 0 blocks
==85032==    still reachable: 0 bytes in 0 blocks
==85032==         suppressed: 14,011 bytes in 161 blocks
==85032== 
==85032== ERROR SUMMARY: 1 errors from 1 contexts (suppressed: 7 from 7)
--85032-- 
--85032-- used_suppression:      2 OSX1015:dyld-4 /Users/fbaras/.brew/Cellar/valgrind/HEAD-6808e01/libexec/valgrind/default.supp:764 suppressed: 4,128 bytes in 2 blocks
--85032-- used_suppression:      1 OSX1015:Leak02-objc /Users/fbaras/.brew/Cellar/valgrind/HEAD-6808e01/libexec/valgrind/default.supp:825 suppressed: 2,048 bytes in 1 blocks
--85032-- used_suppression:     17 OSX1015:dyld-7 /Users/fbaras/.brew/Cellar/valgrind/HEAD-6808e01/libexec/valgrind/default.supp:794 suppressed: 2,560 bytes in 74 blocks
--85032-- used_suppression:     15 OSX1015:dyld-8 /Users/fbaras/.brew/Cellar/valgrind/HEAD-6808e01/libexec/valgrind/default.supp:804 suppressed: 5,011 bytes in 81 blocks
--85032-- used_suppression:      1 OSX1015:dyld-5 /Users/fbaras/.brew/Cellar/valgrind/HEAD-6808e01/libexec/valgrind/default.supp:774 suppressed: 264 bytes in 3 blocks
--85032-- used_suppression:      1 OSX1015:dyld-1 /Users/fbaras/.brew/Cellar/valgrind/HEAD-6808e01/libexec/valgrind/default.supp:739
--85032-- used_suppression:      2 OSX1015:dyld-3 /Users/fbaras/.brew/Cellar/valgrind/HEAD-6808e01/libexec/valgrind/default.supp:755
--85032-- used_suppression:      1 OSX1015:dyld-2 /Users/fbaras/.brew/Cellar/valgrind/HEAD-6808e01/libexec/valgrind/default.supp:746
==85032== 
==85032== ERROR SUMMARY: 1 errors from 1 contexts (suppressed: 7 from 7)
