==4208== Memcheck, a memory error detector
==4208== Copyright (C) 2002-2024, and GNU GPL'd, by Julian Seward et al.
==4208== Using Valgrind-3.26.0.GIT-lbmacos and LibVEX; rerun with -h for copyright info
==4208== Command: ./test_pipex/pipex here_doc EOF /bin/cat /bin/cat ./test_pipex/file2.txt
==4208== Parent PID: 4206
==4208== 
==4211== 
==4211== FILE DESCRIPTORS: 3 open (3 inherited) at exit.
==4211== 
==4211== HEAP SUMMARY:
==4211==     in use at exit: 16,377 bytes in 170 blocks
==4211==   total heap usage: 185 allocs, 15 frees, 21,185 bytes allocated
==4211== 
==4211== LEAK SUMMARY:
==4211==    definitely lost: 0 bytes in 0 blocks
==4211==    indirectly lost: 0 bytes in 0 blocks
==4211==      possibly lost: 0 bytes in 0 blocks
==4211==    still reachable: 2,430 bytes in 10 blocks
==4211==         suppressed: 13,947 bytes in 160 blocks
==4211== Reachable blocks (those to which a pointer was found) are not shown.
==4211== To see them, rerun with: --leak-check=full --show-leak-kinds=all
==4211== 
==4211== For lists of detected and suppressed errors, rerun with: -s
==4211== ERROR SUMMARY: 0 errors from 0 contexts (suppressed: 12 from 12)
==4208== 
==4208== FILE DESCRIPTORS: 4 open (3 inherited) at exit.
==4208== Open file descriptor 3:
==4208==    at 0x1005CFA2A: pipe (in /usr/lib/system/libsystem_kernel.dylib)
==4208==    by 0x100002C1D: ??? (in ./test_pipex/pipex)
==4208==    by 0x1000024A1: ??? (in ./test_pipex/pipex)
==4208==    by 0x1002E1CC8: start (in /usr/lib/system/libdyld.dylib)
==4208==    by 0x5: ???
==4208==    by 0x108113862: ???
==4208==    by 0x108113875: ???
==4208==    by 0x10811387E: ???
==4208==    by 0x108113882: ???
==4208==    by 0x10811388B: ???
==4208==    by 0x108113894: ???
==4208== 
{
   <insert_a_suppression_name_here>
   CoreError:FdNotClosed
   fun:pipe
   obj:./test_pipex/pipex
   obj:./test_pipex/pipex
   fun:start
   obj:*
   obj:*
   obj:*
   obj:*
   obj:*
   obj:*
   obj:*
}
==4208== 
==4208== HEAP SUMMARY:
==4208==     in use at exit: 14,011 bytes in 161 blocks
==4208==   total heap usage: 175 allocs, 14 frees, 18,755 bytes allocated
==4208== 
==4208== LEAK SUMMARY:
==4208==    definitely lost: 0 bytes in 0 blocks
==4208==    indirectly lost: 0 bytes in 0 blocks
==4208==      possibly lost: 0 bytes in 0 blocks
==4208==    still reachable: 0 bytes in 0 blocks
==4208==         suppressed: 14,011 bytes in 161 blocks
==4208== 
==4208== For lists of detected and suppressed errors, rerun with: -s
==4208== ERROR SUMMARY: 1 errors from 1 contexts (suppressed: 7 from 7)
